# JRE version: OpenJDK Runtime Environment (17.0.11) (build 17.0.11+0--11852314)
# Java VM: OpenJDK 64-Bit Server VM (17.0.11+0--11852314, mixed mode, tiered, compressed oops, compressed class ptrs, g1 gc, windows-amd64)
GC Precious Log:
 CPUs: 8 total, 8 available
 Memory: 7886M
 Large Page Support: Disabled
 NUMA Support: Disabled
 Compressed Oops: Enabled (32-bit)
 Heap Region Size: 1M
 Heap Min Capacity: 8M
 Heap Initial Capacity: 124M
 Heap Max Capacity: 2G
 Pre-touch: Disabled
 Parallel Workers: 8
 Concurrent Workers: 2
 Concurrent Refinement Workers: 8
 Periodic GC: Disabled
Heap:
 garbage-first heap   total 382976K, used 246856K [0x0000000080000000, 0x0000000100000000)
  region size 1024K, 89 young (91136K), 10 survivors (10240K)
 Metaspace       used 142843K, committed 143744K, reserved 1179648K
  class space    used 19145K, committed 19584K, reserved 1048576K
GC Heap History (20 events):
Event: 18.469 GC heap before
{Heap before GC invocations=36 (full 0):
 garbage-first heap   total 330752K, used 267084K [0x0000000080000000, 0x0000000100000000)
  region size 1024K, 150 young (153600K), 22 survivors (22528K)
 Metaspace       used 109632K, committed 110400K, reserved 1179648K
  class space    used 14976K, committed 15360K, reserved 1048576K
}
Event: 18.490 GC heap after
{Heap after GC invocations=37 (full 0):
 garbage-first heap   total 330752K, used 145831K [0x0000000080000000, 0x0000000100000000)
  region size 1024K, 10 young (10240K), 10 survivors (10240K)
 Metaspace       used 109632K, committed 110400K, reserved 1179648K
  class space    used 14976K, committed 15360K, reserved 1048576K
}
Event: 19.830 GC heap before
{Heap before GC invocations=38 (full 0):
 garbage-first heap   total 382976K, used 342439K [0x0000000080000000, 0x0000000100000000)
  region size 1024K, 132 young (135168K), 10 survivors (10240K)
 Metaspace       used 111273K, committed 112128K, reserved 1179648K
  class space    used 15220K, committed 15616K, reserved 1048576K
}
Event: 19.843 GC heap after
{Heap after GC invocations=39 (full 0):
 garbage-first heap   total 382976K, used 120060K [0x0000000080000000, 0x0000000100000000)
  region size 1024K, 13 young (13312K), 13 survivors (13312K)
 Metaspace       used 111273K, committed 112128K, reserved 1179648K
  class space    used 15220K, committed 15616K, reserved 1048576K
}
Event: 19.881 GC heap before
{Heap before GC invocations=39 (full 0):
 garbage-first heap   total 382976K, used 124156K [0x0000000080000000, 0x0000000100000000)
  region size 1024K, 18 young (18432K), 13 survivors (13312K)
 Metaspace       used 111366K, committed 112192K, reserved 1179648K
  class space    used 15232K, committed 15616K, reserved 1048576K
}
Event: 19.893 GC heap after
{Heap after GC invocations=40 (full 0):
 garbage-first heap   total 382976K, used 120293K [0x0000000080000000, 0x0000000100000000)
  region size 1024K, 3 young (3072K), 3 survivors (3072K)
 Metaspace       used 111366K, committed 112192K, reserved 1179648K
  class space    used 15232K, committed 15616K, reserved 1048576K
}
Event: 22.430 GC heap before
{Heap before GC invocations=40 (full 0):
 garbage-first heap   total 382976K, used 300517K [0x0000000080000000, 0x0000000100000000)
  region size 1024K, 180 young (184320K), 3 survivors (3072K)
 Metaspace       used 125027K, committed 125824K, reserved 1179648K
  class space    used 17150K, committed 17536K, reserved 1048576K
}
Event: 22.449 GC heap after
{Heap after GC invocations=41 (full 0):
 garbage-first heap   total 382976K, used 136086K [0x0000000080000000, 0x0000000100000000)
  region size 1024K, 18 young (18432K), 18 survivors (18432K)
 Metaspace       used 125027K, committed 125824K, reserved 1179648K
  class space    used 17150K, committed 17536K, reserved 1048576K
}
Event: 23.631 GC heap before
{Heap before GC invocations=41 (full 0):
 garbage-first heap   total 382976K, used 301974K [0x0000000080000000, 0x0000000100000000)
  region size 1024K, 181 young (185344K), 18 survivors (18432K)
 Metaspace       used 129267K, committed 130112K, reserved 1179648K
  class space    used 17710K, committed 18112K, reserved 1048576K
}
Event: 23.643 GC heap after
{Heap after GC invocations=42 (full 0):
 garbage-first heap   total 382976K, used 136344K [0x0000000080000000, 0x0000000100000000)
  region size 1024K, 7 young (7168K), 7 survivors (7168K)
 Metaspace       used 129267K, committed 130112K, reserved 1179648K
  class space    used 17710K, committed 18112K, reserved 1048576K
}
Event: 24.405 GC heap before
{Heap before GC invocations=42 (full 0):
 garbage-first heap   total 382976K, used 308376K [0x0000000080000000, 0x0000000100000000)
  region size 1024K, 174 young (178176K), 7 survivors (7168K)
 Metaspace       used 134718K, committed 135616K, reserved 1179648K
  class space    used 18350K, committed 18816K, reserved 1048576K
}
Event: 24.414 GC heap after
{Heap after GC invocations=43 (full 0):
 garbage-first heap   total 382976K, used 144160K [0x0000000080000000, 0x0000000100000000)
  region size 1024K, 12 young (12288K), 12 survivors (12288K)
 Metaspace       used 134718K, committed 135616K, reserved 1179648K
  class space    used 18350K, committed 18816K, reserved 1048576K
}
Event: 25.062 GC heap before
{Heap before GC invocations=43 (full 0):
 garbage-first heap   total 382976K, used 311072K [0x0000000080000000, 0x0000000100000000)
  region size 1024K, 175 young (179200K), 12 survivors (12288K)
 Metaspace       used 135542K, committed 136384K, reserved 1179648K
  class space    used 18407K, committed 18816K, reserved 1048576K
}
Event: 25.078 GC heap after
{Heap after GC invocations=44 (full 0):
 garbage-first heap   total 382976K, used 158633K [0x0000000080000000, 0x0000000100000000)
  region size 1024K, 22 young (22528K), 22 survivors (22528K)
 Metaspace       used 135542K, committed 136384K, reserved 1179648K
  class space    used 18407K, committed 18816K, reserved 1048576K
}
Event: 25.657 GC heap before
{Heap before GC invocations=44 (full 0):
 garbage-first heap   total 382976K, used 310185K [0x0000000080000000, 0x0000000100000000)
  region size 1024K, 170 young (174080K), 22 survivors (22528K)
 Metaspace       used 137379K, committed 138176K, reserved 1179648K
  class space    used 18592K, committed 19008K, reserved 1048576K
}
Event: 25.677 GC heap after
{Heap after GC invocations=45 (full 0):
 garbage-first heap   total 382976K, used 164379K [0x0000000080000000, 0x0000000100000000)
  region size 1024K, 7 young (7168K), 7 survivors (7168K)
 Metaspace       used 137379K, committed 138176K, reserved 1179648K
  class space    used 18592K, committed 19008K, reserved 1048576K
}
Event: 26.108 GC heap before
{Heap before GC invocations=45 (full 0):
 garbage-first heap   total 382976K, used 314907K [0x0000000080000000, 0x0000000100000000)
  region size 1024K, 153 young (156672K), 7 survivors (7168K)
 Metaspace       used 139772K, committed 140672K, reserved 1179648K
  class space    used 18758K, committed 19200K, reserved 1048576K
}
Event: 26.116 GC heap after
{Heap after GC invocations=46 (full 0):
 garbage-first heap   total 382976K, used 165224K [0x0000000080000000, 0x0000000100000000)
  region size 1024K, 8 young (8192K), 8 survivors (8192K)
 Metaspace       used 139772K, committed 140672K, reserved 1179648K
  class space    used 18758K, committed 19200K, reserved 1048576K
}
Event: 26.523 GC heap before
{Heap before GC invocations=46 (full 0):
 garbage-first heap   total 382976K, used 317800K [0x0000000080000000, 0x0000000100000000)
  region size 1024K, 157 young (160768K), 8 survivors (8192K)
 Metaspace       used 141002K, committed 141888K, reserved 1179648K
  class space    used 18920K, committed 19392K, reserved 1048576K
}
Event: 26.531 GC heap after
{Heap after GC invocations=47 (full 0):
 garbage-first heap   total 382976K, used 166984K [0x0000000080000000, 0x0000000100000000)
  region size 1024K, 10 young (10240K), 10 survivors (10240K)
 Metaspace       used 141002K, committed 141888K, reserved 1179648K
  class space    used 18920K, committed 19392K, reserved 1048576K
}

