# JRE version: OpenJDK Runtime Environment (17.0.11) (build 17.0.11+0--11852314)
# Java VM: OpenJDK 64-Bit Server VM (17.0.11+0--11852314, mixed mode, tiered, compressed oops, compressed class ptrs, g1 gc, windows-amd64)
GC Precious Log:
 CPUs: 8 total, 8 available
 Memory: 7886M
 Large Page Support: Disabled
 NUMA Support: Disabled
 Compressed Oops: Enabled (32-bit)
 Heap Region Size: 1M
 Heap Min Capacity: 8M
 Heap Initial Capacity: 124M
 Heap Max Capacity: 2G
 Pre-touch: Disabled
 Parallel Workers: 8
 Concurrent Workers: 2
 Concurrent Refinement Workers: 8
 Periodic GC: Disabled
Heap:
 garbage-first heap   total 500736K, used 223472K [0x0000000080000000, 0x0000000100000000)
  region size 1024K, 11 young (11264K), 11 survivors (11264K)
 Metaspace       used 164811K, committed 165888K, reserved 1245184K
  class space    used 21877K, committed 22400K, reserved 1048576K
GC Heap History (20 events):
Event: 27.091 GC heap after
{Heap after GC invocations=63 (full 0):
 garbage-first heap   total 496640K, used 220672K [0x0000000080000000, 0x0000000100000000)
  region size 1024K, 9 young (9216K), 9 survivors (9216K)
 Metaspace       used 142714K, committed 143616K, reserved 1179648K
  class space    used 19475K, committed 19904K, reserved 1048576K
}
Event: 27.338 GC heap before
{Heap before GC invocations=63 (full 0):
 garbage-first heap   total 496640K, used 425472K [0x0000000080000000, 0x0000000100000000)
  region size 1024K, 207 young (211968K), 9 survivors (9216K)
 Metaspace       used 142740K, committed 143680K, reserved 1179648K
  class space    used 19476K, committed 19904K, reserved 1048576K
}
Event: 27.347 GC heap after
{Heap after GC invocations=64 (full 0):
 garbage-first heap   total 496640K, used 222272K [0x0000000080000000, 0x0000000100000000)
  region size 1024K, 10 young (10240K), 10 survivors (10240K)
 Metaspace       used 142740K, committed 143680K, reserved 1179648K
  class space    used 19476K, committed 19904K, reserved 1048576K
}
Event: 213.926 GC heap before
{Heap before GC invocations=64 (full 0):
 garbage-first heap   total 496640K, used 431168K [0x0000000080000000, 0x0000000100000000)
  region size 1024K, 210 young (215040K), 10 survivors (10240K)
 Metaspace       used 150881K, committed 151872K, reserved 1245184K
  class space    used 20250K, committed 20736K, reserved 1048576K
}
Event: 214.030 GC heap after
{Heap after GC invocations=65 (full 0):
 garbage-first heap   total 496640K, used 248698K [0x0000000080000000, 0x0000000100000000)
  region size 1024K, 27 young (27648K), 27 survivors (27648K)
 Metaspace       used 150881K, committed 151872K, reserved 1245184K
  class space    used 20250K, committed 20736K, reserved 1048576K
}
Event: 215.564 GC heap before
{Heap before GC invocations=65 (full 0):
 garbage-first heap   total 496640K, used 327546K [0x0000000080000000, 0x0000000100000000)
  region size 1024K, 78 young (79872K), 27 survivors (27648K)
 Metaspace       used 154351K, committed 155328K, reserved 1245184K
  class space    used 20649K, committed 21120K, reserved 1048576K
}
Event: 215.595 GC heap after
{Heap after GC invocations=66 (full 0):
 garbage-first heap   total 496640K, used 253270K [0x0000000080000000, 0x0000000100000000)
  region size 1024K, 6 young (6144K), 6 survivors (6144K)
 Metaspace       used 154351K, committed 155328K, reserved 1245184K
  class space    used 20649K, committed 21120K, reserved 1048576K
}
Event: 220.179 GC heap before
{Heap before GC invocations=67 (full 0):
 garbage-first heap   total 500736K, used 408918K [0x0000000080000000, 0x0000000100000000)
  region size 1024K, 159 young (162816K), 6 survivors (6144K)
 Metaspace       used 154867K, committed 155904K, reserved 1245184K
  class space    used 20788K, committed 21312K, reserved 1048576K
}
Event: 220.208 GC heap after
{Heap after GC invocations=68 (full 0):
 garbage-first heap   total 500736K, used 262920K [0x0000000080000000, 0x0000000100000000)
  region size 1024K, 16 young (16384K), 16 survivors (16384K)
 Metaspace       used 154867K, committed 155904K, reserved 1245184K
  class space    used 20788K, committed 21312K, reserved 1048576K
}
Event: 220.531 GC heap before
{Heap before GC invocations=68 (full 0):
 garbage-first heap   total 500736K, used 270088K [0x0000000080000000, 0x0000000100000000)
  region size 1024K, 24 young (24576K), 16 survivors (16384K)
 Metaspace       used 154953K, committed 155968K, reserved 1245184K
  class space    used 20797K, committed 21312K, reserved 1048576K
}
Event: 220.559 GC heap after
{Heap after GC invocations=69 (full 0):
 garbage-first heap   total 500736K, used 229386K [0x0000000080000000, 0x0000000100000000)
  region size 1024K, 3 young (3072K), 3 survivors (3072K)
 Metaspace       used 154953K, committed 155968K, reserved 1245184K
  class space    used 20797K, committed 21312K, reserved 1048576K
}
Event: 222.521 GC heap before
{Heap before GC invocations=69 (full 0):
 garbage-first heap   total 500736K, used 411658K [0x0000000080000000, 0x0000000100000000)
  region size 1024K, 178 young (182272K), 3 survivors (3072K)
 Metaspace       used 164162K, committed 165120K, reserved 1245184K
  class space    used 21857K, committed 22336K, reserved 1048576K
}
Event: 222.560 GC heap after
{Heap after GC invocations=70 (full 0):
 garbage-first heap   total 500736K, used 259027K [0x0000000080000000, 0x0000000100000000)
  region size 1024K, 23 young (23552K), 23 survivors (23552K)
 Metaspace       used 164162K, committed 165120K, reserved 1245184K
  class space    used 21857K, committed 22336K, reserved 1048576K
}
Event: 223.486 GC heap before
{Heap before GC invocations=71 (full 0):
 garbage-first heap   total 500736K, used 378835K [0x0000000080000000, 0x0000000100000000)
  region size 1024K, 165 young (168960K), 23 survivors (23552K)
 Metaspace       used 164426K, committed 165376K, reserved 1245184K
  class space    used 21862K, committed 22336K, reserved 1048576K
}
Event: 223.522 GC heap after
{Heap after GC invocations=72 (full 0):
 garbage-first heap   total 500736K, used 241339K [0x0000000080000000, 0x0000000100000000)
  region size 1024K, 8 young (8192K), 8 survivors (8192K)
 Metaspace       used 164426K, committed 165376K, reserved 1245184K
  class space    used 21862K, committed 22336K, reserved 1048576K
}
Event: 223.686 GC heap before
{Heap before GC invocations=72 (full 0):
 garbage-first heap   total 500736K, used 257723K [0x0000000080000000, 0x0000000100000000)
  region size 1024K, 24 young (24576K), 8 survivors (8192K)
 Metaspace       used 164472K, committed 165440K, reserved 1245184K
  class space    used 21870K, committed 22336K, reserved 1048576K
}
Event: 223.715 GC heap after
{Heap after GC invocations=73 (full 0):
 garbage-first heap   total 500736K, used 201117K [0x0000000080000000, 0x0000000100000000)
  region size 1024K, 3 young (3072K), 3 survivors (3072K)
 Metaspace       used 164472K, committed 165440K, reserved 1245184K
  class space    used 21870K, committed 22336K, reserved 1048576K
}
Event: 224.111 GC heap before
{Heap before GC invocations=73 (full 0):
 garbage-first heap   total 500736K, used 398749K [0x0000000080000000, 0x0000000100000000)
  region size 1024K, 195 young (199680K), 3 survivors (3072K)
 Metaspace       used 164723K, committed 165760K, reserved 1245184K
  class space    used 21877K, committed 22400K, reserved 1048576K
}
Event: 224.130 GC heap after
{Heap after GC invocations=74 (full 0):
 garbage-first heap   total 500736K, used 218222K [0x0000000080000000, 0x0000000100000000)
  region size 1024K, 20 young (20480K), 20 survivors (20480K)
 Metaspace       used 164723K, committed 165760K, reserved 1245184K
  class space    used 21877K, committed 22400K, reserved 1048576K
}
Event: 224.474 GC heap before
{Heap before GC invocations=74 (full 0):
 garbage-first heap   total 500736K, used 396398K [0x0000000080000000, 0x0000000100000000)
  region size 1024K, 194 young (198656K), 20 survivors (20480K)
 Metaspace       used 164811K, committed 165888K, reserved 1245184K
  class space    used 21877K, committed 22400K, reserved 1048576K
}

