# JRE version: OpenJDK Runtime Environment (17.0.10) (build 17.0.10+0--11609105)
# Java VM: OpenJDK 64-Bit Server VM (17.0.10+0--11609105, mixed mode, tiered, compressed oops, compressed class ptrs, g1 gc, windows-amd64)
GC Precious Log:
 CPUs: 8 total, 8 available
 Memory: 7886M
 Large Page Support: Disabled
 NUMA Support: Disabled
 Compressed Oops: Enabled (32-bit)
 Heap Region Size: 1M
 Heap Min Capacity: 8M
 Heap Initial Capacity: 124M
 Heap Max Capacity: 2G
 Pre-touch: Disabled
 Parallel Workers: 8
 Concurrent Workers: 2
 Concurrent Refinement Workers: 8
 Periodic GC: Disabled
Heap:
 garbage-first heap   total 253952K, used 188684K [0x0000000080000000, 0x0000000100000000)
  region size 1024K, 37 young (37888K), 6 survivors (6144K)
 Metaspace       used 114699K, committed 115520K, reserved 1179648K
  class space    used 15692K, committed 16128K, reserved 1048576K
GC Heap History (20 events):
Event: 11.393 GC heap before
{Heap before GC invocations=32 (full 0):
 garbage-first heap   total 253952K, used 181248K [0x0000000080000000, 0x0000000100000000)
  region size 1024K, 97 young (99328K), 4 survivors (4096K)
 Metaspace       used 70461K, committed 71168K, reserved 1114112K
  class space    used 9450K, committed 9792K, reserved 1048576K
}
Event: 11.400 GC heap after
{Heap after GC invocations=33 (full 0):
 garbage-first heap   total 253952K, used 90369K [0x0000000080000000, 0x0000000100000000)
  region size 1024K, 8 young (8192K), 8 survivors (8192K)
 Metaspace       used 70461K, committed 71168K, reserved 1114112K
  class space    used 9450K, committed 9792K, reserved 1048576K
}
Event: 11.449 GC heap before
{Heap before GC invocations=33 (full 0):
 garbage-first heap   total 253952K, used 94465K [0x0000000080000000, 0x0000000100000000)
  region size 1024K, 12 young (12288K), 8 survivors (8192K)
 Metaspace       used 70883K, committed 71552K, reserved 1114112K
  class space    used 9533K, committed 9856K, reserved 1048576K
}
Event: 11.454 GC heap after
{Heap after GC invocations=34 (full 0):
 garbage-first heap   total 253952K, used 90623K [0x0000000080000000, 0x0000000100000000)
  region size 1024K, 1 young (1024K), 1 survivors (1024K)
 Metaspace       used 70883K, committed 71552K, reserved 1114112K
  class space    used 9533K, committed 9856K, reserved 1048576K
}
Event: 12.975 GC heap before
{Heap before GC invocations=34 (full 0):
 garbage-first heap   total 253952K, used 211455K [0x0000000080000000, 0x0000000100000000)
  region size 1024K, 102 young (104448K), 1 survivors (1024K)
 Metaspace       used 79389K, committed 80128K, reserved 1179648K
  class space    used 10679K, committed 11008K, reserved 1048576K
}
Event: 12.983 GC heap after
{Heap after GC invocations=35 (full 0):
 garbage-first heap   total 253952K, used 112714K [0x0000000080000000, 0x0000000100000000)
  region size 1024K, 10 young (10240K), 10 survivors (10240K)
 Metaspace       used 79389K, committed 80128K, reserved 1179648K
  class space    used 10679K, committed 11008K, reserved 1048576K
}
Event: 14.372 GC heap before
{Heap before GC invocations=35 (full 0):
 garbage-first heap   total 253952K, used 199754K [0x0000000080000000, 0x0000000100000000)
  region size 1024K, 95 young (97280K), 10 survivors (10240K)
 Metaspace       used 86387K, committed 87040K, reserved 1179648K
  class space    used 11665K, committed 11968K, reserved 1048576K
}
Event: 14.380 GC heap after
{Heap after GC invocations=36 (full 0):
 garbage-first heap   total 253952K, used 117035K [0x0000000080000000, 0x0000000100000000)
  region size 1024K, 4 young (4096K), 4 survivors (4096K)
 Metaspace       used 86387K, committed 87040K, reserved 1179648K
  class space    used 11665K, committed 11968K, reserved 1048576K
}
Event: 15.813 GC heap before
{Heap before GC invocations=36 (full 0):
 garbage-first heap   total 253952K, used 206123K [0x0000000080000000, 0x0000000100000000)
  region size 1024K, 90 young (92160K), 4 survivors (4096K)
 Metaspace       used 91576K, committed 92352K, reserved 1179648K
  class space    used 12438K, committed 12800K, reserved 1048576K
}
Event: 15.823 GC heap after
{Heap after GC invocations=37 (full 0):
 garbage-first heap   total 253952K, used 120006K [0x0000000080000000, 0x0000000100000000)
  region size 1024K, 7 young (7168K), 7 survivors (7168K)
 Metaspace       used 91576K, committed 92352K, reserved 1179648K
  class space    used 12438K, committed 12800K, reserved 1048576K
}
Event: 17.314 GC heap before
{Heap before GC invocations=37 (full 0):
 garbage-first heap   total 253952K, used 206022K [0x0000000080000000, 0x0000000100000000)
  region size 1024K, 92 young (94208K), 7 survivors (7168K)
 Metaspace       used 97265K, committed 98112K, reserved 1179648K
  class space    used 13359K, committed 13760K, reserved 1048576K
}
Event: 17.325 GC heap after
{Heap after GC invocations=38 (full 0):
 garbage-first heap   total 253952K, used 124204K [0x0000000080000000, 0x0000000100000000)
  region size 1024K, 8 young (8192K), 8 survivors (8192K)
 Metaspace       used 97265K, committed 98112K, reserved 1179648K
  class space    used 13359K, committed 13760K, reserved 1048576K
}
Event: 18.647 GC heap before
{Heap before GC invocations=38 (full 0):
 garbage-first heap   total 253952K, used 223532K [0x0000000080000000, 0x0000000100000000)
  region size 1024K, 90 young (92160K), 8 survivors (8192K)
 Metaspace       used 104286K, committed 105088K, reserved 1179648K
  class space    used 14322K, committed 14720K, reserved 1048576K
}
Event: 18.663 GC heap after
{Heap after GC invocations=39 (full 0):
 garbage-first heap   total 253952K, used 145294K [0x0000000080000000, 0x0000000100000000)
  region size 1024K, 12 young (12288K), 12 survivors (12288K)
 Metaspace       used 104286K, committed 105088K, reserved 1179648K
  class space    used 14322K, committed 14720K, reserved 1048576K
}
Event: 19.540 GC heap before
{Heap before GC invocations=40 (full 0):
 garbage-first heap   total 253952K, used 212878K [0x0000000080000000, 0x0000000100000000)
  region size 1024K, 77 young (78848K), 12 survivors (12288K)
 Metaspace       used 108644K, committed 109504K, reserved 1179648K
  class space    used 14913K, committed 15360K, reserved 1048576K
}
Event: 19.550 GC heap after
{Heap after GC invocations=41 (full 0):
 garbage-first heap   total 253952K, used 149571K [0x0000000080000000, 0x0000000100000000)
  region size 1024K, 4 young (4096K), 4 survivors (4096K)
 Metaspace       used 108644K, committed 109504K, reserved 1179648K
  class space    used 14913K, committed 15360K, reserved 1048576K
}
Event: 19.646 GC heap before
{Heap before GC invocations=41 (full 0):
 garbage-first heap   total 253952K, used 157763K [0x0000000080000000, 0x0000000100000000)
  region size 1024K, 12 young (12288K), 4 survivors (4096K)
 Metaspace       used 109180K, committed 110080K, reserved 1179648K
  class space    used 14984K, committed 15424K, reserved 1048576K
}
Event: 19.651 GC heap after
{Heap after GC invocations=42 (full 0):
 garbage-first heap   total 253952K, used 149918K [0x0000000080000000, 0x0000000100000000)
  region size 1024K, 1 young (1024K), 1 survivors (1024K)
 Metaspace       used 109180K, committed 110080K, reserved 1179648K
  class space    used 14984K, committed 15424K, reserved 1048576K
}
Event: 20.436 GC heap before
{Heap before GC invocations=42 (full 0):
 garbage-first heap   total 253952K, used 216478K [0x0000000080000000, 0x0000000100000000)
  region size 1024K, 64 young (65536K), 1 survivors (1024K)
 Metaspace       used 114574K, committed 115456K, reserved 1179648K
  class space    used 15683K, committed 16128K, reserved 1048576K
}
Event: 20.444 GC heap after
{Heap after GC invocations=43 (full 0):
 garbage-first heap   total 253952K, used 157964K [0x0000000080000000, 0x0000000100000000)
  region size 1024K, 6 young (6144K), 6 survivors (6144K)
 Metaspace       used 114574K, committed 115456K, reserved 1179648K
  class space    used 15683K, committed 16128K, reserved 1048576K
}

