# JRE version: OpenJDK Runtime Environment (17.0.10) (build 17.0.10+0--11609105)
# Java VM: OpenJDK 64-Bit Server VM (17.0.10+0--11609105, mixed mode, tiered, compressed oops, compressed class ptrs, g1 gc, windows-amd64)
GC Precious Log:
 CPUs: 8 total, 8 available
 Memory: 7886M
 Large Page Support: Disabled
 NUMA Support: Disabled
 Compressed Oops: Enabled (32-bit)
 Heap Region Size: 1M
 Heap Min Capacity: 8M
 Heap Initial Capacity: 124M
 Heap Max Capacity: 2G
 Pre-touch: Disabled
 Parallel Workers: 8
 Concurrent Workers: 2
 Concurrent Refinement Workers: 8
 Periodic GC: Disabled
Heap:
 garbage-first heap   total 312320K, used 230620K [0x0000000080000000, 0x0000000100000000)
  region size 1024K, 19 young (19456K), 6 survivors (6144K)
 Metaspace       used 174538K, committed 175424K, reserved 1245184K
  class space    used 22761K, committed 23168K, reserved 1048576K
GC Heap History (20 events):
Event: 30.492 GC heap before
{Heap before GC invocations=60 (full 0):
 garbage-first heap   total 312320K, used 255392K [0x0000000080000000, 0x0000000100000000)
  region size 1024K, 116 young (118784K), 8 survivors (8192K)
 Metaspace       used 140816K, committed 141632K, reserved 1179648K
  class space    used 18319K, committed 18688K, reserved 1048576K
}
Event: 30.501 GC heap after
{Heap after GC invocations=61 (full 0):
 garbage-first heap   total 312320K, used 148128K [0x0000000080000000, 0x0000000100000000)
  region size 1024K, 15 young (15360K), 15 survivors (15360K)
 Metaspace       used 140816K, committed 141632K, reserved 1179648K
  class space    used 18319K, committed 18688K, reserved 1048576K
}
Event: 32.362 GC heap before
{Heap before GC invocations=61 (full 0):
 garbage-first heap   total 312320K, used 265888K [0x0000000080000000, 0x0000000100000000)
  region size 1024K, 119 young (121856K), 15 survivors (15360K)
 Metaspace       used 147511K, committed 148352K, reserved 1179648K
  class space    used 19231K, committed 19648K, reserved 1048576K
}
Event: 32.378 GC heap after
{Heap after GC invocations=62 (full 0):
 garbage-first heap   total 312320K, used 168265K [0x0000000080000000, 0x0000000100000000)
  region size 1024K, 15 young (15360K), 15 survivors (15360K)
 Metaspace       used 147511K, committed 148352K, reserved 1179648K
  class space    used 19231K, committed 19648K, reserved 1048576K
}
Event: 32.843 GC heap before
{Heap before GC invocations=62 (full 0):
 garbage-first heap   total 312320K, used 258377K [0x0000000080000000, 0x0000000100000000)
  region size 1024K, 102 young (104448K), 15 survivors (15360K)
 Metaspace       used 147983K, committed 148800K, reserved 1179648K
  class space    used 19258K, committed 19648K, reserved 1048576K
}
Event: 32.861 GC heap after
{Heap after GC invocations=63 (full 0):
 garbage-first heap   total 312320K, used 183242K [0x0000000080000000, 0x0000000100000000)
  region size 1024K, 13 young (13312K), 13 survivors (13312K)
 Metaspace       used 147983K, committed 148800K, reserved 1179648K
  class space    used 19258K, committed 19648K, reserved 1048576K
}
Event: 33.931 GC heap before
{Heap before GC invocations=63 (full 0):
 garbage-first heap   total 312320K, used 256970K [0x0000000080000000, 0x0000000100000000)
  region size 1024K, 85 young (87040K), 13 survivors (13312K)
 Metaspace       used 149794K, committed 150656K, reserved 1245184K
  class space    used 19361K, committed 19776K, reserved 1048576K
}
Event: 33.947 GC heap after
{Heap after GC invocations=64 (full 0):
 garbage-first heap   total 312320K, used 192994K [0x0000000080000000, 0x0000000100000000)
  region size 1024K, 9 young (9216K), 9 survivors (9216K)
 Metaspace       used 149794K, committed 150656K, reserved 1245184K
  class space    used 19361K, committed 19776K, reserved 1048576K
}
Event: 35.276 GC heap before
{Heap before GC invocations=64 (full 0):
 garbage-first heap   total 312320K, used 258530K [0x0000000080000000, 0x0000000100000000)
  region size 1024K, 73 young (74752K), 9 survivors (9216K)
 Metaspace       used 154909K, committed 155840K, reserved 1245184K
  class space    used 19867K, committed 20288K, reserved 1048576K
}
Event: 35.288 GC heap after
{Heap after GC invocations=65 (full 0):
 garbage-first heap   total 312320K, used 197136K [0x0000000080000000, 0x0000000100000000)
  region size 1024K, 4 young (4096K), 4 survivors (4096K)
 Metaspace       used 154909K, committed 155840K, reserved 1245184K
  class space    used 19867K, committed 20288K, reserved 1048576K
}
Event: 36.349 GC heap before
{Heap before GC invocations=65 (full 0):
 garbage-first heap   total 312320K, used 262672K [0x0000000080000000, 0x0000000100000000)
  region size 1024K, 67 young (68608K), 4 survivors (4096K)
 Metaspace       used 159293K, committed 160128K, reserved 1245184K
  class space    used 20658K, committed 21056K, reserved 1048576K
}
Event: 36.356 GC heap after
{Heap after GC invocations=66 (full 0):
 garbage-first heap   total 312320K, used 198895K [0x0000000080000000, 0x0000000100000000)
  region size 1024K, 6 young (6144K), 6 survivors (6144K)
 Metaspace       used 159293K, committed 160128K, reserved 1245184K
  class space    used 20658K, committed 21056K, reserved 1048576K
}
Event: 37.270 GC heap before
{Heap before GC invocations=66 (full 0):
 garbage-first heap   total 312320K, used 262383K [0x0000000080000000, 0x0000000100000000)
  region size 1024K, 69 young (70656K), 6 survivors (6144K)
 Metaspace       used 163360K, committed 164288K, reserved 1245184K
  class space    used 21251K, committed 21696K, reserved 1048576K
}
Event: 37.278 GC heap after
{Heap after GC invocations=67 (full 0):
 garbage-first heap   total 312320K, used 194902K [0x0000000080000000, 0x0000000100000000)
  region size 1024K, 6 young (6144K), 6 survivors (6144K)
 Metaspace       used 163360K, committed 164288K, reserved 1245184K
  class space    used 21251K, committed 21696K, reserved 1048576K
}
Event: 37.735 GC heap before
{Heap before GC invocations=67 (full 0):
 garbage-first heap   total 312320K, used 232790K [0x0000000080000000, 0x0000000100000000)
  region size 1024K, 32 young (32768K), 6 survivors (6144K)
 Metaspace       used 165990K, committed 166912K, reserved 1245184K
  class space    used 21464K, committed 21888K, reserved 1048576K
}
Event: 37.743 GC heap after
{Heap after GC invocations=68 (full 0):
 garbage-first heap   total 312320K, used 208156K [0x0000000080000000, 0x0000000100000000)
  region size 1024K, 10 young (10240K), 10 survivors (10240K)
 Metaspace       used 165990K, committed 166912K, reserved 1245184K
  class space    used 21464K, committed 21888K, reserved 1048576K
}
Event: 38.614 GC heap before
{Heap before GC invocations=68 (full 0):
 garbage-first heap   total 312320K, used 269596K [0x0000000080000000, 0x0000000100000000)
  region size 1024K, 66 young (67584K), 10 survivors (10240K)
 Metaspace       used 170267K, committed 171200K, reserved 1245184K
  class space    used 22200K, committed 22592K, reserved 1048576K
}
Event: 38.652 GC heap after
{Heap after GC invocations=69 (full 0):
 garbage-first heap   total 312320K, used 216416K [0x0000000080000000, 0x0000000100000000)
  region size 1024K, 4 young (4096K), 4 survivors (4096K)
 Metaspace       used 170267K, committed 171200K, reserved 1245184K
  class space    used 22200K, committed 22592K, reserved 1048576K
}
Event: 39.681 GC heap before
{Heap before GC invocations=69 (full 0):
 garbage-first heap   total 312320K, used 268640K [0x0000000080000000, 0x0000000100000000)
  region size 1024K, 54 young (55296K), 4 survivors (4096K)
 Metaspace       used 173728K, committed 174656K, reserved 1245184K
  class space    used 22672K, committed 23104K, reserved 1048576K
}
Event: 39.686 GC heap after
{Heap after GC invocations=70 (full 0):
 garbage-first heap   total 312320K, used 219356K [0x0000000080000000, 0x0000000100000000)
  region size 1024K, 6 young (6144K), 6 survivors (6144K)
 Metaspace       used 173728K, committed 174656K, reserved 1245184K
  class space    used 22672K, committed 23104K, reserved 1048576K
}

