# JRE version: OpenJDK Runtime Environment (17.0.11) (build 17.0.11+0--11852314)
# Java VM: OpenJDK 64-Bit Server VM (17.0.11+0--11852314, mixed mode, tiered, compressed oops, compressed class ptrs, g1 gc, windows-amd64)
GC Precious Log:
 CPUs: 8 total, 8 available
 Memory: 7886M
 Large Page Support: Disabled
 NUMA Support: Disabled
 Compressed Oops: Enabled (32-bit)
 Heap Region Size: 1M
 Heap Min Capacity: 8M
 Heap Initial Capacity: 124M
 Heap Max Capacity: 2G
 Pre-touch: Disabled
 Parallel Workers: 8
 Concurrent Workers: 2
 Concurrent Refinement Workers: 8
 Periodic GC: Disabled
Heap:
 garbage-first heap   total 482304K, used 470227K [0x0000000080000000, 0x0000000100000000)
  region size 1024K, 10 young (10240K), 2 survivors (2048K)
 Metaspace       used 215896K, committed 217280K, reserved 1245184K
  class space    used 27283K, committed 27968K, reserved 1048576K
GC Heap History (20 events):
Event: 379.487 GC heap before
{Heap before GC invocations=73 (full 0):
 garbage-first heap   total 482304K, used 404207K [0x0000000080000000, 0x0000000100000000)
  region size 1024K, 64 young (65536K), 15 survivors (15360K)
 Metaspace       used 206486K, committed 207744K, reserved 1245184K
  class space    used 26280K, committed 26880K, reserved 1048576K
}
Event: 379.511 GC heap after
{Heap after GC invocations=74 (full 0):
 garbage-first heap   total 482304K, used 347000K [0x0000000080000000, 0x0000000100000000)
  region size 1024K, 9 young (9216K), 9 survivors (9216K)
 Metaspace       used 206486K, committed 207744K, reserved 1245184K
  class space    used 26280K, committed 26880K, reserved 1048576K
}
Event: 379.813 GC heap before
{Heap before GC invocations=74 (full 0):
 garbage-first heap   total 482304K, used 413560K [0x0000000080000000, 0x0000000100000000)
  region size 1024K, 70 young (71680K), 9 survivors (9216K)
 Metaspace       used 207592K, committed 208896K, reserved 1245184K
  class space    used 26375K, committed 27008K, reserved 1048576K
}
Event: 379.822 GC heap after
{Heap after GC invocations=75 (full 0):
 garbage-first heap   total 482304K, used 347136K [0x0000000080000000, 0x0000000100000000)
  region size 1024K, 9 young (9216K), 9 survivors (9216K)
 Metaspace       used 207592K, committed 208896K, reserved 1245184K
  class space    used 26375K, committed 27008K, reserved 1048576K
}
Event: 380.128 GC heap before
{Heap before GC invocations=75 (full 0):
 garbage-first heap   total 482304K, used 405504K [0x0000000080000000, 0x0000000100000000)
  region size 1024K, 67 young (68608K), 9 survivors (9216K)
 Metaspace       used 209841K, committed 211136K, reserved 1245184K
  class space    used 26589K, committed 27264K, reserved 1048576K
}
Event: 380.135 GC heap after
{Heap after GC invocations=76 (full 0):
 garbage-first heap   total 482304K, used 351948K [0x0000000080000000, 0x0000000100000000)
  region size 1024K, 5 young (5120K), 5 survivors (5120K)
 Metaspace       used 209841K, committed 211136K, reserved 1245184K
  class space    used 26589K, committed 27264K, reserved 1048576K
}
Event: 380.323 GC heap before
{Heap before GC invocations=76 (full 0):
 garbage-first heap   total 482304K, used 412364K [0x0000000080000000, 0x0000000100000000)
  region size 1024K, 61 young (62464K), 5 survivors (5120K)
 Metaspace       used 210414K, committed 211776K, reserved 1245184K
  class space    used 26638K, committed 27328K, reserved 1048576K
}
Event: 380.327 GC heap after
{Heap after GC invocations=77 (full 0):
 garbage-first heap   total 482304K, used 352704K [0x0000000080000000, 0x0000000100000000)
  region size 1024K, 5 young (5120K), 5 survivors (5120K)
 Metaspace       used 210414K, committed 211776K, reserved 1245184K
  class space    used 26638K, committed 27328K, reserved 1048576K
}
Event: 380.621 GC heap before
{Heap before GC invocations=77 (full 0):
 garbage-first heap   total 482304K, used 412096K [0x0000000080000000, 0x0000000100000000)
  region size 1024K, 64 young (65536K), 5 survivors (5120K)
 Metaspace       used 211020K, committed 212352K, reserved 1245184K
  class space    used 26684K, committed 27328K, reserved 1048576K
}
Event: 380.628 GC heap after
{Heap after GC invocations=78 (full 0):
 garbage-first heap   total 482304K, used 354157K [0x0000000080000000, 0x0000000100000000)
  region size 1024K, 4 young (4096K), 4 survivors (4096K)
 Metaspace       used 211020K, committed 212352K, reserved 1245184K
  class space    used 26684K, committed 27328K, reserved 1048576K
}
Event: 381.043 GC heap before
{Heap before GC invocations=78 (full 0):
 garbage-first heap   total 482304K, used 388973K [0x0000000080000000, 0x0000000100000000)
  region size 1024K, 40 young (40960K), 4 survivors (4096K)
 Metaspace       used 212487K, committed 213824K, reserved 1245184K
  class space    used 26838K, committed 27520K, reserved 1048576K
}
Event: 381.049 GC heap after
{Heap after GC invocations=79 (full 0):
 garbage-first heap   total 482304K, used 355323K [0x0000000080000000, 0x0000000100000000)
  region size 1024K, 5 young (5120K), 5 survivors (5120K)
 Metaspace       used 212487K, committed 213824K, reserved 1245184K
  class space    used 26838K, committed 27520K, reserved 1048576K
}
Event: 382.003 GC heap before
{Heap before GC invocations=79 (full 0):
 garbage-first heap   total 482304K, used 460795K [0x0000000080000000, 0x0000000100000000)
  region size 1024K, 66 young (67584K), 5 survivors (5120K)
 Metaspace       used 214179K, committed 215552K, reserved 1245184K
  class space    used 27049K, committed 27712K, reserved 1048576K
}
Event: 382.010 GC heap after
{Heap after GC invocations=80 (full 0):
 garbage-first heap   total 482304K, used 358290K [0x0000000080000000, 0x0000000100000000)
  region size 1024K, 8 young (8192K), 8 survivors (8192K)
 Metaspace       used 214179K, committed 215552K, reserved 1245184K
  class space    used 27049K, committed 27712K, reserved 1048576K
}
Event: 382.987 GC heap before
{Heap before GC invocations=80 (full 0):
 garbage-first heap   total 482304K, used 397202K [0x0000000080000000, 0x0000000100000000)
  region size 1024K, 48 young (49152K), 8 survivors (8192K)
 Metaspace       used 215425K, committed 216768K, reserved 1245184K
  class space    used 27216K, committed 27904K, reserved 1048576K
}
Event: 382.998 GC heap after
{Heap after GC invocations=81 (full 0):
 garbage-first heap   total 482304K, used 361728K [0x0000000080000000, 0x0000000100000000)
  region size 1024K, 9 young (9216K), 9 survivors (9216K)
 Metaspace       used 215425K, committed 216768K, reserved 1245184K
  class space    used 27216K, committed 27904K, reserved 1048576K
}
Event: 383.020 GC heap before
{Heap before GC invocations=81 (full 0):
 garbage-first heap   total 482304K, used 392448K [0x0000000080000000, 0x0000000100000000)
  region size 1024K, 13 young (13312K), 9 survivors (9216K)
 Metaspace       used 215469K, committed 216832K, reserved 1245184K
  class space    used 27220K, committed 27904K, reserved 1048576K
}
Event: 383.030 GC heap after
{Heap after GC invocations=82 (full 0):
 garbage-first heap   total 482304K, used 391630K [0x0000000080000000, 0x0000000100000000)
  region size 1024K, 5 young (5120K), 5 survivors (5120K)
 Metaspace       used 215469K, committed 216832K, reserved 1245184K
  class space    used 27220K, committed 27904K, reserved 1048576K
}
Event: 383.323 GC heap before
{Heap before GC invocations=82 (full 0):
 garbage-first heap   total 482304K, used 472526K [0x0000000080000000, 0x0000000100000000)
  region size 1024K, 15 young (15360K), 5 survivors (5120K)
 Metaspace       used 215665K, committed 217088K, reserved 1245184K
  class space    used 27256K, committed 27968K, reserved 1048576K
}
Event: 383.332 GC heap after
{Heap after GC invocations=83 (full 0):
 garbage-first heap   total 482304K, used 464083K [0x0000000080000000, 0x0000000100000000)
  region size 1024K, 2 young (2048K), 2 survivors (2048K)
 Metaspace       used 215665K, committed 217088K, reserved 1245184K
  class space    used 27256K, committed 27968K, reserved 1048576K
}

