# JRE version: OpenJDK Runtime Environment (17.0.11) (build 17.0.11+0--11852314)
# Java VM: OpenJDK 64-Bit Server VM (17.0.11+0--11852314, mixed mode, tiered, compressed oops, compressed class ptrs, g1 gc, windows-amd64)
GC Precious Log:
 CPUs: 8 total, 8 available
 Memory: 7886M
 Large Page Support: Disabled
 NUMA Support: Disabled
 Compressed Oops: Enabled (32-bit)
 Heap Region Size: 1M
 Heap Min Capacity: 8M
 Heap Initial Capacity: 124M
 Heap Max Capacity: 2G
 Pre-touch: Disabled
 Parallel Workers: 8
 Concurrent Workers: 2
 Concurrent Refinement Workers: 8
 Periodic GC: Disabled
Heap:
 garbage-first heap   total 402432K, used 179505K [0x0000000080000000, 0x0000000100000000)
  region size 1024K, 9 young (9216K), 9 survivors (9216K)
 Metaspace       used 137139K, committed 138048K, reserved 1179648K
  class space    used 18949K, committed 19392K, reserved 1048576K
GC Heap History (20 events):
Event: 15.459 GC heap after
{Heap after GC invocations=51 (full 0):
 garbage-first heap   total 175104K, used 100279K [0x0000000080000000, 0x0000000100000000)
  region size 1024K, 1 young (1024K), 1 survivors (1024K)
 Metaspace       used 102559K, committed 103296K, reserved 1179648K
  class space    used 14141K, committed 14528K, reserved 1048576K
}
Event: 15.472 GC heap before
{Heap before GC invocations=51 (full 0):
 garbage-first heap   total 175104K, used 101303K [0x0000000080000000, 0x0000000100000000)
  region size 1024K, 3 young (3072K), 1 survivors (1024K)
 Metaspace       used 102613K, committed 103424K, reserved 1179648K
  class space    used 14145K, committed 14528K, reserved 1048576K
}
Event: 15.476 GC heap after
{Heap after GC invocations=52 (full 0):
 garbage-first heap   total 402432K, used 100587K [0x0000000080000000, 0x0000000100000000)
  region size 1024K, 1 young (1024K), 1 survivors (1024K)
 Metaspace       used 102613K, committed 103424K, reserved 1179648K
  class space    used 14145K, committed 14528K, reserved 1048576K
}
Event: 15.480 GC heap before
{Heap before GC invocations=52 (full 0):
 garbage-first heap   total 402432K, used 103659K [0x0000000080000000, 0x0000000100000000)
  region size 1024K, 2 young (2048K), 1 survivors (1024K)
 Metaspace       used 102613K, committed 103424K, reserved 1179648K
  class space    used 14145K, committed 14528K, reserved 1048576K
}
Event: 15.482 GC heap after
{Heap after GC invocations=53 (full 0):
 garbage-first heap   total 402432K, used 103069K [0x0000000080000000, 0x0000000100000000)
  region size 1024K, 1 young (1024K), 1 survivors (1024K)
 Metaspace       used 102613K, committed 103424K, reserved 1179648K
  class space    used 14145K, committed 14528K, reserved 1048576K
}
Event: 17.544 GC heap before
{Heap before GC invocations=54 (full 0):
 garbage-first heap   total 378880K, used 322205K [0x0000000080000000, 0x0000000100000000)
  region size 1024K, 213 young (218112K), 1 survivors (1024K)
 Metaspace       used 106375K, committed 107200K, reserved 1179648K
  class space    used 14580K, committed 14976K, reserved 1048576K
}
Event: 17.557 GC heap after
{Heap after GC invocations=55 (full 0):
 garbage-first heap   total 378880K, used 112166K [0x0000000080000000, 0x0000000100000000)
  region size 1024K, 13 young (13312K), 13 survivors (13312K)
 Metaspace       used 106375K, committed 107200K, reserved 1179648K
  class space    used 14580K, committed 14976K, reserved 1048576K
}
Event: 17.643 GC heap before
{Heap before GC invocations=55 (full 0):
 garbage-first heap   total 378880K, used 116262K [0x0000000080000000, 0x0000000100000000)
  region size 1024K, 18 young (18432K), 13 survivors (13312K)
 Metaspace       used 106413K, committed 107200K, reserved 1179648K
  class space    used 14583K, committed 14976K, reserved 1048576K
}
Event: 17.657 GC heap after
{Heap after GC invocations=56 (full 0):
 garbage-first heap   total 378880K, used 113209K [0x0000000080000000, 0x0000000100000000)
  region size 1024K, 2 young (2048K), 2 survivors (2048K)
 Metaspace       used 106413K, committed 107200K, reserved 1179648K
  class space    used 14583K, committed 14976K, reserved 1048576K
}
Event: 19.833 GC heap before
{Heap before GC invocations=56 (full 0):
 garbage-first heap   total 378880K, used 303673K [0x0000000080000000, 0x0000000100000000)
  region size 1024K, 187 young (191488K), 2 survivors (2048K)
 Metaspace       used 114200K, committed 115008K, reserved 1179648K
  class space    used 15634K, committed 16000K, reserved 1048576K
}
Event: 19.865 GC heap after
{Heap after GC invocations=57 (full 0):
 garbage-first heap   total 378880K, used 138990K [0x0000000080000000, 0x0000000100000000)
  region size 1024K, 24 young (24576K), 24 survivors (24576K)
 Metaspace       used 114200K, committed 115008K, reserved 1179648K
  class space    used 15634K, committed 16000K, reserved 1048576K
}
Event: 21.799 GC heap before
{Heap before GC invocations=58 (full 0):
 garbage-first heap   total 378880K, used 298734K [0x0000000080000000, 0x0000000100000000)
  region size 1024K, 179 young (183296K), 24 survivors (24576K)
 Metaspace       used 120811K, committed 121600K, reserved 1179648K
  class space    used 16289K, committed 16640K, reserved 1048576K
}
Event: 21.839 GC heap after
{Heap after GC invocations=59 (full 0):
 garbage-first heap   total 378880K, used 137276K [0x0000000080000000, 0x0000000100000000)
  region size 1024K, 9 young (9216K), 9 survivors (9216K)
 Metaspace       used 120811K, committed 121600K, reserved 1179648K
  class space    used 16289K, committed 16640K, reserved 1048576K
}
Event: 21.878 GC heap before
{Heap before GC invocations=59 (full 0):
 garbage-first heap   total 378880K, used 145468K [0x0000000080000000, 0x0000000100000000)
  region size 1024K, 18 young (18432K), 9 survivors (9216K)
 Metaspace       used 120910K, committed 121728K, reserved 1179648K
  class space    used 16304K, committed 16704K, reserved 1048576K
}
Event: 21.896 GC heap after
{Heap after GC invocations=60 (full 0):
 garbage-first heap   total 378880K, used 134373K [0x0000000080000000, 0x0000000100000000)
  region size 1024K, 3 young (3072K), 3 survivors (3072K)
 Metaspace       used 120910K, committed 121728K, reserved 1179648K
  class space    used 16304K, committed 16704K, reserved 1048576K
}
Event: 22.872 GC heap before
{Heap before GC invocations=60 (full 0):
 garbage-first heap   total 378880K, used 303333K [0x0000000080000000, 0x0000000100000000)
  region size 1024K, 167 young (171008K), 3 survivors (3072K)
 Metaspace       used 125785K, committed 126656K, reserved 1179648K
  class space    used 17024K, committed 17472K, reserved 1048576K
}
Event: 22.890 GC heap after
{Heap after GC invocations=61 (full 0):
 garbage-first heap   total 378880K, used 150036K [0x0000000080000000, 0x0000000100000000)
  region size 1024K, 18 young (18432K), 18 survivors (18432K)
 Metaspace       used 125785K, committed 126656K, reserved 1179648K
  class space    used 17024K, committed 17472K, reserved 1048576K
}
Event: 23.577 GC heap before
{Heap before GC invocations=61 (full 0):
 garbage-first heap   total 378880K, used 301588K [0x0000000080000000, 0x0000000100000000)
  region size 1024K, 167 young (171008K), 18 survivors (18432K)
 Metaspace       used 132346K, committed 133248K, reserved 1179648K
  class space    used 18113K, committed 18560K, reserved 1048576K
}
Event: 23.646 GC heap after
{Heap after GC invocations=62 (full 0):
 garbage-first heap   total 378880K, used 171067K [0x0000000080000000, 0x0000000100000000)
  region size 1024K, 21 young (21504K), 21 survivors (21504K)
 Metaspace       used 132346K, committed 133248K, reserved 1179648K
  class space    used 18113K, committed 18560K, reserved 1048576K
}
Event: 24.124 GC heap before
{Heap before GC invocations=62 (full 0):
 garbage-first heap   total 378880K, used 299067K [0x0000000080000000, 0x0000000100000000)
  region size 1024K, 147 young (150528K), 21 survivors (21504K)
 Metaspace       used 137139K, committed 138048K, reserved 1179648K
  class space    used 18949K, committed 19392K, reserved 1048576K
}

