# JRE version: OpenJDK Runtime Environment (17.0.11) (build 17.0.11+0--11852314)
# Java VM: OpenJDK 64-Bit Server VM (17.0.11+0--11852314, mixed mode, tiered, compressed oops, compressed class ptrs, g1 gc, windows-amd64)
GC Precious Log:
 CPUs: 8 total, 8 available
 Memory: 7886M
 Large Page Support: Disabled
 NUMA Support: Disabled
 Compressed Oops: Enabled (32-bit)
 Heap Region Size: 1M
 Heap Min Capacity: 8M
 Heap Initial Capacity: 124M
 Heap Max Capacity: 2G
 Pre-touch: Disabled
 Parallel Workers: 8
 Concurrent Workers: 2
 Concurrent Refinement Workers: 8
 Periodic GC: Disabled
Heap:
 garbage-first heap   total 329728K, used 265622K [0x0000000080000000, 0x0000000100000000)
  region size 1024K, 25 young (25600K), 8 survivors (8192K)
 Metaspace       used 128191K, committed 129152K, reserved 1179648K
  class space    used 16819K, committed 17280K, reserved 1048576K
GC Heap History (20 events):
Event: 38.861 GC heap before
{Heap before GC invocations=47 (full 0):
 garbage-first heap   total 278528K, used 229481K [0x0000000080000000, 0x0000000100000000)
  region size 1024K, 49 young (50176K), 4 survivors (4096K)
 Metaspace       used 118780K, committed 119616K, reserved 1179648K
  class space    used 15842K, committed 16256K, reserved 1048576K
}
Event: 38.875 GC heap after
{Heap after GC invocations=48 (full 0):
 garbage-first heap   total 278528K, used 159396K [0x0000000080000000, 0x0000000100000000)
  region size 1024K, 7 young (7168K), 7 survivors (7168K)
 Metaspace       used 118780K, committed 119616K, reserved 1179648K
  class space    used 15842K, committed 16256K, reserved 1048576K
}
Event: 38.916 GC heap before
{Heap before GC invocations=48 (full 0):
 garbage-first heap   total 278528K, used 164516K [0x0000000080000000, 0x0000000100000000)
  region size 1024K, 13 young (13312K), 7 survivors (7168K)
 Metaspace       used 118784K, committed 119616K, reserved 1179648K
  class space    used 15842K, committed 16256K, reserved 1048576K
}
Event: 38.929 GC heap after
{Heap after GC invocations=49 (full 0):
 garbage-first heap   total 278528K, used 158586K [0x0000000080000000, 0x0000000100000000)
  region size 1024K, 2 young (2048K), 2 survivors (2048K)
 Metaspace       used 118784K, committed 119616K, reserved 1179648K
  class space    used 15842K, committed 16256K, reserved 1048576K
}
Event: 39.390 GC heap before
{Heap before GC invocations=49 (full 0):
 garbage-first heap   total 278528K, used 216954K [0x0000000080000000, 0x0000000100000000)
  region size 1024K, 60 young (61440K), 2 survivors (2048K)
 Metaspace       used 121750K, committed 122560K, reserved 1179648K
  class space    used 16131K, committed 16512K, reserved 1048576K
}
Event: 39.400 GC heap after
{Heap after GC invocations=50 (full 0):
 garbage-first heap   total 278528K, used 168478K [0x0000000080000000, 0x0000000100000000)
  region size 1024K, 8 young (8192K), 8 survivors (8192K)
 Metaspace       used 121750K, committed 122560K, reserved 1179648K
  class space    used 16131K, committed 16512K, reserved 1048576K
}
Event: 39.715 GC heap before
{Heap before GC invocations=50 (full 0):
 garbage-first heap   total 278528K, used 222750K [0x0000000080000000, 0x0000000100000000)
  region size 1024K, 61 young (62464K), 8 survivors (8192K)
 Metaspace       used 122093K, committed 122880K, reserved 1179648K
  class space    used 16149K, committed 16512K, reserved 1048576K
}
Event: 39.726 GC heap after
{Heap after GC invocations=51 (full 0):
 garbage-first heap   total 278528K, used 171442K [0x0000000080000000, 0x0000000100000000)
  region size 1024K, 3 young (3072K), 3 survivors (3072K)
 Metaspace       used 122093K, committed 122880K, reserved 1179648K
  class space    used 16149K, committed 16512K, reserved 1048576K
}
Event: 39.910 GC heap before
{Heap before GC invocations=51 (full 0):
 garbage-first heap   total 278528K, used 202162K [0x0000000080000000, 0x0000000100000000)
  region size 1024K, 35 young (35840K), 3 survivors (3072K)
 Metaspace       used 122616K, committed 123392K, reserved 1179648K
  class space    used 16196K, committed 16576K, reserved 1048576K
}
Event: 39.917 GC heap after
{Heap after GC invocations=52 (full 0):
 garbage-first heap   total 278528K, used 171235K [0x0000000080000000, 0x0000000100000000)
  region size 1024K, 3 young (3072K), 3 survivors (3072K)
 Metaspace       used 122616K, committed 123392K, reserved 1179648K
  class space    used 16196K, committed 16576K, reserved 1048576K
}
Event: 40.602 GC heap before
{Heap before GC invocations=53 (full 0):
 garbage-first heap   total 301056K, used 220387K [0x0000000080000000, 0x0000000100000000)
  region size 1024K, 60 young (61440K), 3 survivors (3072K)
 Metaspace       used 123178K, committed 124032K, reserved 1179648K
  class space    used 16242K, committed 16640K, reserved 1048576K
}
Event: 40.610 GC heap after
{Heap after GC invocations=54 (full 0):
 garbage-first heap   total 301056K, used 161589K [0x0000000080000000, 0x0000000100000000)
  region size 1024K, 5 young (5120K), 5 survivors (5120K)
 Metaspace       used 123178K, committed 124032K, reserved 1179648K
  class space    used 16242K, committed 16640K, reserved 1048576K
}
Event: 40.790 GC heap before
{Heap before GC invocations=54 (full 0):
 garbage-first heap   total 301056K, used 169781K [0x0000000080000000, 0x0000000100000000)
  region size 1024K, 14 young (14336K), 5 survivors (5120K)
 Metaspace       used 123199K, committed 124032K, reserved 1179648K
  class space    used 16242K, committed 16640K, reserved 1048576K
}
Event: 40.801 GC heap after
{Heap after GC invocations=55 (full 0):
 garbage-first heap   total 301056K, used 140164K [0x0000000080000000, 0x0000000100000000)
  region size 1024K, 1 young (1024K), 1 survivors (1024K)
 Metaspace       used 123199K, committed 124032K, reserved 1179648K
  class space    used 16242K, committed 16640K, reserved 1048576K
}
Event: 46.910 GC heap before
{Heap before GC invocations=55 (full 0):
 garbage-first heap   total 301056K, used 280452K [0x0000000080000000, 0x0000000100000000)
  region size 1024K, 96 young (98304K), 1 survivors (1024K)
 Metaspace       used 125484K, committed 126400K, reserved 1179648K
  class space    used 16499K, committed 16960K, reserved 1048576K
}
Event: 46.924 GC heap after
{Heap after GC invocations=56 (full 0):
 garbage-first heap   total 301056K, used 146703K [0x0000000080000000, 0x0000000100000000)
  region size 1024K, 8 young (8192K), 8 survivors (8192K)
 Metaspace       used 125484K, committed 126400K, reserved 1179648K
  class space    used 16499K, committed 16960K, reserved 1048576K
}
Event: 50.975 GC heap before
{Heap before GC invocations=56 (full 0):
 garbage-first heap   total 301056K, used 238863K [0x0000000080000000, 0x0000000100000000)
  region size 1024K, 99 young (101376K), 8 survivors (8192K)
 Metaspace       used 127462K, committed 128320K, reserved 1179648K
  class space    used 16728K, committed 17152K, reserved 1048576K
}
Event: 50.990 GC heap after
{Heap after GC invocations=57 (full 0):
 garbage-first heap   total 301056K, used 149543K [0x0000000080000000, 0x0000000100000000)
  region size 1024K, 5 young (5120K), 5 survivors (5120K)
 Metaspace       used 127462K, committed 128320K, reserved 1179648K
  class space    used 16728K, committed 17152K, reserved 1048576K
}
Event: 52.184 GC heap before
{Heap before GC invocations=57 (full 0):
 garbage-first heap   total 301056K, used 181287K [0x0000000080000000, 0x0000000100000000)
  region size 1024K, 38 young (38912K), 5 survivors (5120K)
 Metaspace       used 128124K, committed 129024K, reserved 1179648K
  class space    used 16813K, committed 17280K, reserved 1048576K
}
Event: 52.196 GC heap after
{Heap after GC invocations=58 (full 0):
 garbage-first heap   total 301056K, used 151958K [0x0000000080000000, 0x0000000100000000)
  region size 1024K, 8 young (8192K), 8 survivors (8192K)
 Metaspace       used 128124K, committed 129024K, reserved 1179648K
  class space    used 16813K, committed 17280K, reserved 1048576K
}

